<?xml version="1.0" encoding="UTF-8"?>
<testng-results skipped="0" failed="0" total="1" passed="1">
  <reporter-output>
  </reporter-output>
  <suite name="Suite" duration-ms="7196" started-at="2018-03-09T11:24:10Z" finished-at="2018-03-09T11:24:17Z">
    <groups>
    </groups>
    <test name="Test" duration-ms="7196" started-at="2018-03-09T11:24:10Z" finished-at="2018-03-09T11:24:17Z">
      <class name="com.samplemavenpro.scripts1.sampleTest">
        <test-method status="PASS" signature="startReporter()" name="startReporter" is-config="true" duration-ms="360" started-at="2018-03-09T11:24:09Z" finished-at="2018-03-09T11:24:10Z">
        </test-method>
        <test-method status="PASS" signature="launchApp(java.lang.reflect.Method)" name="launchApp" is-config="true" duration-ms="6884" started-at="2018-03-09T11:24:10Z" finished-at="2018-03-09T11:24:17Z">
          <params>
            <param index="0">
              <value>
                <![CDATA[public void com.samplemavenpro.scripts1.sampleTest.sampleTest()]]>
              </value>
            </param>
          </params>
        </test-method>
        <test-method status="PASS" signature="sampleTest()" name="sampleTest" duration-ms="21" started-at="2018-03-09T11:24:17Z" finished-at="2018-03-09T11:24:17Z">
        </test-method>
        <test-method status="PASS" signature="postCondition(org.testng.ITestResult)" name="postCondition" is-config="true" duration-ms="281" started-at="2018-03-09T11:24:17Z" finished-at="2018-03-09T11:24:17Z">
          <params>
            <param index="0">
              <value>
                <![CDATA[[TestResult: sampleTest STATUS:SUCCESS METHOD:com.samplemavenpro.scripts1.sampleTest.sampleTest()]
]]>
              </value>
            </param>
          </params>
        </test-method>
        <test-method status="PASS" signature="aftsu()" name="aftsu" is-config="true" duration-ms="296" started-at="2018-03-09T11:24:17Z" finished-at="2018-03-09T11:24:17Z">
        </test-method>
      </class>
    </test>
  </suite>
</testng-results>
